<?xml version="1.0" encoding="UTF-8"?>
<!-- Generated by org.testng.reporters.JUnitReportReporter -->
<testsuite skipped="0" hostname="WINDOWS-AH38UOK" name="DroneTestPackage.DroneTest" tests="2" failures="0" timestamp="12 Mar 2018 04:02:26 GMT" time="76.639" errors="0">
  <testcase name="setUpUserAccount" time="47.274" classname="DroneTestPackage.DroneTest"/>
  <testcase name="testLogin" time="29.365" classname="DroneTestPackage.DroneTest"/>
</testsuite> <!-- DroneTestPackage.DroneTest -->
